<?xml version="1.0" encoding="UTF-8"?>
<!-- Generated by org.testng.reporters.JUnitReportReporter -->
<testsuite skipped="0" hostname="LAPTOP-P7ODROTG" name="com.inetBanking.testCases.TC_LoginTest_001" tests="1" failures="0" timestamp="2021-09-26T08:23:00 BST" time="0.911" errors="0">
  <testcase name="loginTest" time="0.911" classname="com.inetBanking.testCases.TC_LoginTest_001"/>
  <system-out/>
</testsuite> <!-- com.inetBanking.testCases.TC_LoginTest_001 -->
